<?xml version="1.0" encoding="UTF-8"?>
<!-- Generated by org.testng.reporters.JUnitReportReporter -->
<testsuite hostname="DP58-AHA5-IND" failures="0" tests="2" name="DS.UI_Automation_Framework.Tests.ErrorValidationsTest" time="19.696" errors="0" timestamp="03 Jan 2024 10:14:36 GMT" skipped="0">
  <testcase classname="DS.UI_Automation_Framework.Tests.ErrorValidationsTest" name="LoginErrorValidations" time="7.646"/>
  <testcase classname="DS.UI_Automation_Framework.Tests.ErrorValidationsTest" name="ProductErrorValidations" time="12.050"/>
</testsuite> <!-- DS.UI_Automation_Framework.Tests.ErrorValidationsTest -->
