<?xml version="1.0" encoding="UTF-8"?>
<!-- Generated by org.testng.reporters.JUnitReportReporter -->
<testsuite hostname="DP58-AHA5-IND" failures="0" tests="1" name="cucumber.TestNGTestRunner" time="34.810" errors="0" timestamp="03 Jan 2024 18:08:25 GMT" skipped="0">
  <testcase classname="cucumber.TestNGTestRunner" name="runScenario" time="34.810"/>
</testsuite> <!-- cucumber.TestNGTestRunner -->
