<?xml version="1.0" encoding="UTF-8"?>
<!-- Generated by org.testng.reporters.JUnitReportReporter -->
<testsuite hostname="LE15-AHA5-1IND" failures="0" tests="3" name="DS.UI_Automation_Framework.Tests.SubmitOrderTest" time="98.374" errors="0" timestamp="26 Dec 2023 05:23:23 GMT" skipped="0">
  <testcase classname="DS.UI_Automation_Framework.Tests.SubmitOrderTest" name="submitOrderWithJson" time="36.665"/>
  <testcase classname="DS.UI_Automation_Framework.Tests.SubmitOrderTest" name="submitOrderWithJson" time="38.543"/>
  <testcase classname="DS.UI_Automation_Framework.Tests.SubmitOrderTest" name="submitOrderWithJson" time="23.166"/>
</testsuite> <!-- DS.UI_Automation_Framework.Tests.SubmitOrderTest -->
