<?xml version="1.0" encoding="UTF-8"?>
<!-- Generated by org.testng.reporters.JUnitReportReporter -->
<testsuite hostname="LE15-AHA5-1IND" failures="0" tests="9" name="DS.UI_Automation_Framework.Tests.SubmitOrderTest" time="262.835" errors="0" timestamp="26 Dec 2023 12:56:18 GMT" skipped="0">
  <testcase classname="DS.UI_Automation_Framework.Tests.SubmitOrderTest" name="submitOrderWithDataProvider" time="34.284"/>
  <testcase classname="DS.UI_Automation_Framework.Tests.SubmitOrderTest" name="submitOrderWithJson" time="23.245"/>
  <testcase classname="DS.UI_Automation_Framework.Tests.SubmitOrderTest" name="submitOrderWithHashmap" time="32.994"/>
  <testcase classname="DS.UI_Automation_Framework.Tests.SubmitOrderTest" name="submitOrderWithDataProvider" time="25.770"/>
  <testcase classname="DS.UI_Automation_Framework.Tests.SubmitOrderTest" name="submitOrderWithHashmap" time="48.053"/>
  <testcase classname="DS.UI_Automation_Framework.Tests.SubmitOrderTest" name="OrderHistoryTest" time="7.856"/>
  <testcase classname="DS.UI_Automation_Framework.Tests.SubmitOrderTest" name="submitOrderWithJson" time="34.561"/>
  <testcase classname="DS.UI_Automation_Framework.Tests.SubmitOrderTest" name="submitOrderWithJson" time="31.511"/>
  <testcase classname="DS.UI_Automation_Framework.Tests.SubmitOrderTest" name="submitOrder" time="24.561"/>
</testsuite> <!-- DS.UI_Automation_Framework.Tests.SubmitOrderTest -->
