<?xml version="1.0" encoding="UTF-8"?>
<!-- Generated by org.testng.reporters.JUnitReportReporter -->
<testsuite hostname="DP58-AHA5-IND" failures="0" tests="3" name="cucumber.TestNGTestRunner" time="23.199" errors="0" timestamp="04 Jan 2024 05:33:12 GMT" skipped="0">
  <testcase classname="cucumber.TestNGTestRunner" name="runScenario" time="8.161"/>
  <testcase classname="cucumber.TestNGTestRunner" name="runScenario" time="7.584"/>
  <testcase classname="cucumber.TestNGTestRunner" name="runScenario" time="7.454"/>
</testsuite> <!-- cucumber.TestNGTestRunner -->
