<?xml version="1.0" encoding="UTF-8"?>
<!-- Generated by org.testng.reporters.JUnitReportReporter -->
<testsuite hostname="DP58-AHA5-IND" failures="0" tests="3" name="cucumber.TestNGTestRunner" time="22.560" errors="0" timestamp="04 Jan 2024 06:37:30 GMT" skipped="0">
  <testcase classname="cucumber.TestNGTestRunner" name="runScenario" time="7.487"/>
  <testcase classname="cucumber.TestNGTestRunner" name="runScenario" time="6.594"/>
  <testcase classname="cucumber.TestNGTestRunner" name="runScenario" time="8.479"/>
</testsuite> <!-- cucumber.TestNGTestRunner -->
