<?xml version="1.0" encoding="UTF-8"?>
<!-- Generated by org.testng.reporters.JUnitReportReporter -->
<testsuite hostname="DP58-AHA5-IND" failures="0" tests="2" name="DS.UI_Automation_Framework.Tests.ErrorValidationsTest" time="33.853" errors="0" timestamp="03 Jan 2024 06:01:36 GMT" skipped="0">
  <testcase classname="DS.UI_Automation_Framework.Tests.ErrorValidationsTest" name="ProductErrorValidations" time="24.368"/>
  <testcase classname="DS.UI_Automation_Framework.Tests.ErrorValidationsTest" name="LoginErrorValidations" time="9.485"/>
</testsuite> <!-- DS.UI_Automation_Framework.Tests.ErrorValidationsTest -->
