<?xml version="1.0" encoding="UTF-8"?>
<!-- Generated by org.testng.reporters.JUnitReportReporter -->
<testsuite hostname="LE15-AHA5-1IND" failures="0" tests="2" name="DS.UI_Automation_Framework.Tests.ErrorValidationsTest" time="63.068" errors="0" timestamp="25 Dec 2023 15:55:39 GMT" skipped="0">
  <testcase classname="DS.UI_Automation_Framework.Tests.ErrorValidationsTest" name="LoginErrorValidations" time="30.464"/>
  <testcase classname="DS.UI_Automation_Framework.Tests.ErrorValidationsTest" name="ProductErrorValidations" time="32.604"/>
</testsuite> <!-- DS.UI_Automation_Framework.Tests.ErrorValidationsTest -->
